{"/home/ubuntu/.openclaw/workspace/a2a-protocol/src/agent.ts": {"path":"/home/ubuntu/.openclaw/workspace/a2a-protocol/src/agent.ts","statementMap":{"0":{"start":{"line":1,"column":0},"end":{"line":1,"column":27}},"1":{"start":{"line":12,"column":12},"end":{"line":12,"column":24}},"2":{"start":{"line":13,"column":12},"end":{"line":13,"column":34}},"3":{"start":{"line":5,"column":10},"end":{"line":5,"column":46}},"4":{"start":{"line":6,"column":10},"end":{"line":6,"column":38}},"5":{"start":{"line":8,"column":10},"end":{"line":8,"column":75}},"6":{"start":{"line":9,"column":10},"end":{"line":9,"column":93}},"7":{"start":{"line":16,"column":4},"end":{"line":16,"column":35}},"8":{"start":{"line":20,"column":16},"end":{"line":27,"column":6}},"9":{"start":{"line":29,"column":4},"end":{"line":29,"column":52}},"10":{"start":{"line":30,"column":4},"end":{"line":30,"column":85}},"11":{"start":{"line":32,"column":4},"end":{"line":32,"column":25}},"12":{"start":{"line":36,"column":4},"end":{"line":50,"column":7}},"13":{"start":{"line":37,"column":6},"end":{"line":37,"column":54}},"14":{"start":{"line":39,"column":6},"end":{"line":42,"column":9}},"15":{"start":{"line":40,"column":8},"end":{"line":40,"column":48}},"16":{"start":{"line":41,"column":8},"end":{"line":41,"column":18}},"17":{"start":{"line":44,"column":6},"end":{"line":47,"column":9}},"18":{"start":{"line":45,"column":33},"end":{"line":45,"column":60}},"19":{"start":{"line":46,"column":8},"end":{"line":46,"column":36}},"20":{"start":{"line":49,"column":6},"end":{"line":49,"column":34}},"21":{"start":{"line":54,"column":4},"end":{"line":54,"column":68}},"22":{"start":{"line":56,"column":4},"end":{"line":67,"column":5}},"23":{"start":{"line":57,"column":22},"end":{"line":57,"column":48}},"24":{"start":{"line":58,"column":6},"end":{"line":61,"column":7}},"25":{"start":{"line":59,"column":25},"end":{"line":59,"column":55}},"26":{"start":{"line":60,"column":8},"end":{"line":60,"column":72}},"27":{"start":{"line":62,"column":11},"end":{"line":67,"column":5}},"28":{"start":{"line":63,"column":22},"end":{"line":63,"column":51}},"29":{"start":{"line":64,"column":6},"end":{"line":66,"column":7}},"30":{"start":{"line":65,"column":8},"end":{"line":65,"column":25}},"31":{"start":{"line":71,"column":29},"end":{"line":77,"column":6}},"32":{"start":{"line":79,"column":4},"end":{"line":79,"column":43}},"33":{"start":{"line":80,"column":4},"end":{"line":80,"column":44}},"34":{"start":{"line":84,"column":4},"end":{"line":106,"column":7}},"35":{"start":{"line":85,"column":22},"end":{"line":85,"column":42}},"36":{"start":{"line":87,"column":31},"end":{"line":94,"column":8}},"37":{"start":{"line":96,"column":22},"end":{"line":101,"column":7}},"38":{"start":{"line":97,"column":8},"end":{"line":100,"column":9}},"39":{"start":{"line":98,"column":10},"end":{"line":98,"column":47}},"40":{"start":{"line":99,"column":10},"end":{"line":99,"column":31}},"41":{"start":{"line":103,"column":6},"end":{"line":103,"column":49}},"42":{"start":{"line":104,"column":6},"end":{"line":104,"column":45}},"43":{"start":{"line":105,"column":6},"end":{"line":105,"column":51}},"44":{"start":{"line":110,"column":29},"end":{"line":117,"column":6}},"45":{"start":{"line":119,"column":4},"end":{"line":119,"column":43}},"46":{"start":{"line":123,"column":4},"end":{"line":123,"column":43}},"47":{"start":{"line":127,"column":4},"end":{"line":127,"column":40}},"48":{"start":{"line":131,"column":16},"end":{"line":135,"column":6}},"49":{"start":{"line":136,"column":4},"end":{"line":136,"column":49}},"50":{"start":{"line":140,"column":4},"end":{"line":140,"column":24}},"51":{"start":{"line":4,"column":0},"end":{"line":4,"column":13}}},"fnMap":{"0":{"name":"(anonymous_1)","decl":{"start":{"line":11,"column":2},"end":{"line":11,"column":null}},"loc":{"start":{"line":14,"column":41},"end":{"line":17,"column":3}}},"1":{"name":"(anonymous_2)","decl":{"start":{"line":19,"column":2},"end":{"line":19,"column":7}},"loc":{"start":{"line":19,"column":16},"end":{"line":33,"column":3}}},"2":{"name":"(anonymous_3)","decl":{"start":{"line":35,"column":10},"end":{"line":35,"column":15}},"loc":{"start":{"line":35,"column":23},"end":{"line":51,"column":3}}},"3":{"name":"(anonymous_4)","decl":{"start":{"line":36,"column":23},"end":{"line":36,"column":24}},"loc":{"start":{"line":36,"column":43},"end":{"line":50,"column":5}}},"4":{"name":"(anonymous_5)","decl":{"start":{"line":39,"column":25},"end":{"line":39,"column":28}},"loc":{"start":{"line":39,"column":30},"end":{"line":42,"column":7}}},"5":{"name":"(anonymous_6)","decl":{"start":{"line":44,"column":28},"end":{"line":44,"column":29}},"loc":{"start":{"line":44,"column":37},"end":{"line":47,"column":7}}},"6":{"name":"(anonymous_7)","decl":{"start":{"line":53,"column":10},"end":{"line":53,"column":15}},"loc":{"start":{"line":53,"column":46},"end":{"line":68,"column":3}}},"7":{"name":"(anonymous_8)","decl":{"start":{"line":70,"column":2},"end":{"line":70,"column":7}},"loc":{"start":{"line":70,"column":44},"end":{"line":81,"column":3}}},"8":{"name":"(anonymous_9)","decl":{"start":{"line":83,"column":2},"end":{"line":83,"column":7}},"loc":{"start":{"line":83,"column":49},"end":{"line":107,"column":3}}},"9":{"name":"(anonymous_10)","decl":{"start":{"line":84,"column":23},"end":{"line":84,"column":24}},"loc":{"start":{"line":84,"column":35},"end":{"line":106,"column":5}}},"10":{"name":"(anonymous_11)","decl":{"start":{"line":96,"column":22},"end":{"line":96,"column":23}},"loc":{"start":{"line":96,"column":39},"end":{"line":101,"column":7}}},"11":{"name":"(anonymous_12)","decl":{"start":{"line":109,"column":10},"end":{"line":109,"column":26}},"loc":{"start":{"line":109,"column":78},"end":{"line":120,"column":3}}},"12":{"name":"(anonymous_13)","decl":{"start":{"line":122,"column":2},"end":{"line":122,"column":11}},"loc":{"start":{"line":122,"column":43},"end":{"line":124,"column":3}}},"13":{"name":"(anonymous_14)","decl":{"start":{"line":126,"column":2},"end":{"line":126,"column":8}},"loc":{"start":{"line":126,"column":61},"end":{"line":128,"column":3}}},"14":{"name":"(anonymous_15)","decl":{"start":{"line":130,"column":2},"end":{"line":130,"column":7}},"loc":{"start":{"line":130,"column":39},"end":{"line":137,"column":3}}},"15":{"name":"(anonymous_16)","decl":{"start":{"line":139,"column":2},"end":{"line":139,"column":12}},"loc":{"start":{"line":139,"column":12},"end":{"line":141,"column":3}}}},"branchMap":{"0":{"loc":{"start":{"line":14,"column":4},"end":{"line":14,"column":41}},"type":"default-arg","locations":[{"start":{"line":14,"column":18},"end":{"line":14,"column":41}}]},"1":{"loc":{"start":{"line":56,"column":4},"end":{"line":67,"column":5}},"type":"if","locations":[{"start":{"line":56,"column":4},"end":{"line":67,"column":5}},{"start":{"line":62,"column":11},"end":{"line":67,"column":5}}]},"2":{"loc":{"start":{"line":58,"column":6},"end":{"line":61,"column":7}},"type":"if","locations":[{"start":{"line":58,"column":6},"end":{"line":61,"column":7}}]},"3":{"loc":{"start":{"line":62,"column":11},"end":{"line":67,"column":5}},"type":"if","locations":[{"start":{"line":62,"column":11},"end":{"line":67,"column":5}}]},"4":{"loc":{"start":{"line":64,"column":6},"end":{"line":66,"column":7}},"type":"if","locations":[{"start":{"line":64,"column":6},"end":{"line":66,"column":7}}]},"5":{"loc":{"start":{"line":97,"column":8},"end":{"line":100,"column":9}},"type":"if","locations":[{"start":{"line":97,"column":8},"end":{"line":100,"column":9}}]},"6":{"loc":{"start":{"line":97,"column":12},"end":{"line":97,"column":67}},"type":"binary-expr","locations":[{"start":{"line":97,"column":12},"end":{"line":97,"column":40}},{"start":{"line":97,"column":44},"end":{"line":97,"column":67}}]}},"s":{"0":1,"1":2,"2":2,"3":2,"4":2,"5":2,"6":2,"7":2,"8":0,"9":0,"10":0,"11":0,"12":0,"13":0,"14":0,"15":0,"16":0,"17":0,"18":0,"19":0,"20":0,"21":0,"22":0,"23":0,"24":0,"25":0,"26":0,"27":0,"28":0,"29":0,"30":0,"31":0,"32":0,"33":0,"34":0,"35":0,"36":0,"37":0,"38":0,"39":0,"40":0,"41":0,"42":0,"43":0,"44":0,"45":0,"46":0,"47":0,"48":1,"49":1,"50":1,"51":1},"f":{"0":2,"1":0,"2":0,"3":0,"4":0,"5":0,"6":0,"7":0,"8":0,"9":0,"10":0,"11":0,"12":0,"13":0,"14":1,"15":1},"b":{"0":[2],"1":[0,0],"2":[0],"3":[0],"4":[0],"5":[0],"6":[0,0]}}
,"/home/ubuntu/.openclaw/workspace/a2a-protocol/src/server.ts": {"path":"/home/ubuntu/.openclaw/workspace/a2a-protocol/src/server.ts","statementMap":{"0":{"start":{"line":1,"column":0},"end":{"line":1,"column":30}},"1":{"start":{"line":2,"column":0},"end":{"line":2,"column":48}},"2":{"start":{"line":3,"column":0},"end":{"line":3,"column":36}},"3":{"start":{"line":6,"column":12},"end":{"line":6,"column":21}},"4":{"start":{"line":7,"column":0},"end":{"line":7,"column":24}},"5":{"start":{"line":9,"column":13},"end":{"line":9,"column":17}},"6":{"start":{"line":10,"column":15},"end":{"line":10,"column":46}},"7":{"start":{"line":11,"column":20},"end":{"line":11,"column":48}},"8":{"start":{"line":14,"column":0},"end":{"line":30,"column":3}},"9":{"start":{"line":15,"column":33},"end":{"line":15,"column":41}},"10":{"start":{"line":16,"column":19},"end":{"line":16,"column":50}},"11":{"start":{"line":18,"column":32},"end":{"line":24,"column":4}},"12":{"start":{"line":26,"column":2},"end":{"line":26,"column":32}},"13":{"start":{"line":27,"column":2},"end":{"line":27,"column":59}},"14":{"start":{"line":29,"column":2},"end":{"line":29,"column":20}},"15":{"start":{"line":32,"column":0},"end":{"line":34,"column":3}},"16":{"start":{"line":33,"column":2},"end":{"line":33,"column":40}},"17":{"start":{"line":36,"column":0},"end":{"line":42,"column":3}},"18":{"start":{"line":37,"column":16},"end":{"line":37,"column":41}},"19":{"start":{"line":38,"column":2},"end":{"line":40,"column":3}},"20":{"start":{"line":39,"column":4},"end":{"line":39,"column":62}},"21":{"start":{"line":41,"column":2},"end":{"line":41,"column":18}},"22":{"start":{"line":44,"column":0},"end":{"line":50,"column":3}},"23":{"start":{"line":45,"column":25},"end":{"line":45,"column":33}},"24":{"start":{"line":46,"column":18},"end":{"line":47,"column":null}},"25":{"start":{"line":47,"column":4},"end":{"line":47,"column":43}},"26":{"start":{"line":49,"column":2},"end":{"line":49,"column":20}},"27":{"start":{"line":52,"column":15},"end":{"line":54,"column":2}},"28":{"start":{"line":53,"column":2},"end":{"line":53,"column":76}},"29":{"start":{"line":57,"column":12},"end":{"line":57,"column":43}},"30":{"start":{"line":59,"column":0},"end":{"line":92,"column":3}},"31":{"start":{"line":60,"column":19},"end":{"line":60,"column":44}},"32":{"start":{"line":62,"column":2},"end":{"line":91,"column":3}},"33":{"start":{"line":63,"column":4},"end":{"line":63,"column":34}},"34":{"start":{"line":64,"column":4},"end":{"line":64,"column":51}},"35":{"start":{"line":66,"column":4},"end":{"line":83,"column":7}},"36":{"start":{"line":67,"column":6},"end":{"line":82,"column":7}},"37":{"start":{"line":68,"column":33},"end":{"line":68,"column":60}},"38":{"start":{"line":69,"column":25},"end":{"line":69,"column":52}},"39":{"start":{"line":71,"column":8},"end":{"line":79,"column":9}},"40":{"start":{"line":72,"column":10},"end":{"line":72,"column":49}},"41":{"start":{"line":73,"column":10},"end":{"line":73,"column":76}},"42":{"start":{"line":75,"column":10},"end":{"line":78,"column":14}},"43":{"start":{"line":81,"column":8},"end":{"line":81,"column":45}},"44":{"start":{"line":85,"column":4},"end":{"line":88,"column":7}},"45":{"start":{"line":86,"column":6},"end":{"line":86,"column":35}},"46":{"start":{"line":87,"column":6},"end":{"line":87,"column":56}},"47":{"start":{"line":90,"column":4},"end":{"line":90,"column":15}}},"fnMap":{"0":{"name":"(anonymous_1)","decl":{"start":{"line":14,"column":29},"end":{"line":14,"column":30}},"loc":{"start":{"line":14,"column":42},"end":{"line":30,"column":1}}},"1":{"name":"(anonymous_2)","decl":{"start":{"line":32,"column":19},"end":{"line":32,"column":20}},"loc":{"start":{"line":32,"column":32},"end":{"line":34,"column":1}}},"2":{"name":"(anonymous_3)","decl":{"start":{"line":36,"column":23},"end":{"line":36,"column":24}},"loc":{"start":{"line":36,"column":36},"end":{"line":42,"column":1}}},"3":{"name":"(anonymous_4)","decl":{"start":{"line":44,"column":27},"end":{"line":44,"column":28}},"loc":{"start":{"line":44,"column":40},"end":{"line":50,"column":1}}},"4":{"name":"(anonymous_5)","decl":{"start":{"line":46,"column":53},"end":{"line":46,"column":58}},"loc":{"start":{"line":47,"column":4},"end":{"line":47,"column":43}}},"5":{"name":"(anonymous_6)","decl":{"start":{"line":52,"column":32},"end":{"line":52,"column":35}},"loc":{"start":{"line":52,"column":37},"end":{"line":54,"column":1}}},"6":{"name":"(anonymous_7)","decl":{"start":{"line":59,"column":21},"end":{"line":59,"column":22}},"loc":{"start":{"line":59,"column":44},"end":{"line":92,"column":1}}},"7":{"name":"(anonymous_8)","decl":{"start":{"line":66,"column":21},"end":{"line":66,"column":22}},"loc":{"start":{"line":66,"column":30},"end":{"line":83,"column":5}}},"8":{"name":"(anonymous_9)","decl":{"start":{"line":85,"column":19},"end":{"line":85,"column":22}},"loc":{"start":{"line":85,"column":24},"end":{"line":88,"column":5}}}},"branchMap":{"0":{"loc":{"start":{"line":21,"column":18},"end":{"line":21,"column":36}},"type":"binary-expr","locations":[{"start":{"line":21,"column":18},"end":{"line":21,"column":30}},{"start":{"line":21,"column":34},"end":{"line":21,"column":36}}]},"1":{"loc":{"start":{"line":38,"column":2},"end":{"line":40,"column":3}},"type":"if","locations":[{"start":{"line":38,"column":2},"end":{"line":40,"column":3}}]},"2":{"loc":{"start":{"line":62,"column":2},"end":{"line":91,"column":3}},"type":"if","locations":[{"start":{"line":62,"column":2},"end":{"line":91,"column":3}},{"start":{"line":89,"column":9},"end":{"line":91,"column":3}}]},"3":{"loc":{"start":{"line":62,"column":6},"end":{"line":62,"column":38}},"type":"binary-expr","locations":[{"start":{"line":62,"column":6},"end":{"line":62,"column":14}},{"start":{"line":62,"column":18},"end":{"line":62,"column":38}}]},"4":{"loc":{"start":{"line":71,"column":8},"end":{"line":79,"column":9}},"type":"if","locations":[{"start":{"line":71,"column":8},"end":{"line":79,"column":9}},{"start":{"line":74,"column":15},"end":{"line":79,"column":9}}]},"5":{"loc":{"start":{"line":71,"column":12},"end":{"line":71,"column":62}},"type":"binary-expr","locations":[{"start":{"line":71,"column":12},"end":{"line":71,"column":20}},{"start":{"line":71,"column":24},"end":{"line":71,"column":62}}]}},"s":{"0":0,"1":0,"2":0,"3":0,"4":0,"5":0,"6":0,"7":0,"8":0,"9":0,"10":0,"11":0,"12":0,"13":0,"14":0,"15":0,"16":0,"17":0,"18":0,"19":0,"20":0,"21":0,"22":0,"23":0,"24":0,"25":0,"26":0,"27":0,"28":0,"29":0,"30":0,"31":0,"32":0,"33":0,"34":0,"35":0,"36":0,"37":0,"38":0,"39":0,"40":0,"41":0,"42":0,"43":0,"44":0,"45":0,"46":0,"47":0},"f":{"0":0,"1":0,"2":0,"3":0,"4":0,"5":0,"6":0,"7":0,"8":0},"b":{"0":[0,0],"1":[0],"2":[0,0],"3":[0,0],"4":[0,0],"5":[0,0]}}
}
